Log file open, 09/19/17 17:09:25
LogInit:Display: Running engine for game: GameProject
LogPlatformFile: Not using cached read wrapper
LogInit:Display: RandInit(-1774244352) SRandInit(-1774244352).
LogTaskGraph: Started task graph with 5 named threads and 8 total threads with 1 sets of task threads.
LogStats: Stats thread started at 0.151825
LogInit: Using libcurl 7.47.1
LogInit:  - built for x86_64-pc-win32
LogInit:  - supports SSL with OpenSSL/1.0.2g
LogInit:  - supports HTTP deflate (compression) using libz 1.2.8
LogInit:  - other features:
LogInit:      CURL_VERSION_SSL
LogInit:      CURL_VERSION_LIBZ
LogInit:      CURL_VERSION_IPV6
LogInit:      CURL_VERSION_ASYNCHDNS
LogInit:      CURL_VERSION_LARGEFILE
LogInit:      CURL_VERSION_IDN
LogInit:  CurlRequestOptions (configurable via config and command line):
LogInit:  - bVerifyPeer = false  - Libcurl will NOT verify peer certificate
LogInit:  - bUseHttpProxy = false  - Libcurl will NOT use HTTP proxy
LogInit:  - bDontReuseConnections = false  - Libcurl will reuse connections
LogInit:  - CertBundlePath = nullptr  - Libcurl will use whatever was configured at build time.
LogInit: Build: ++UE4+Release-4.16-CL-3561208
LogInit: Engine Version: 4.16.3-3561208+++UE4+Release-4.16
LogInit: Compatible Engine Version: 4.16.0-3452394+++UE4+Release-4.16
LogInit: Net CL: 3452394
LogDevObjectVersion: Number of dev versions registered: 16
LogDevObjectVersion:   Dev-Blueprints (B0D832E4-1F89-4F0D-ACCF-7EB736FD4AA2): 9
LogDevObjectVersion:   Dev-Build (E1C64328-A22C-4D53-A36C-8E866417BD8C): 0
LogDevObjectVersion:   Dev-Core (375EC13C-06E4-48FB-B500-84F0262A717E): 2
LogDevObjectVersion:   Dev-Editor (E4B068ED-F494-42E9-A231-DA0B2E46BB41): 17
LogDevObjectVersion:   Dev-Framework (CFFC743F-43B0-4480-9391-14DF171D2073): 23
LogDevObjectVersion:   Dev-Mobile (B02B49B5-BB20-44E9-A304-32B752E40360): 0
LogDevObjectVersion:   Dev-Networking (A4E4105C-59A1-49B5-A7C5-40C4547EDFEE): 0
LogDevObjectVersion:   Dev-Online (39C831C9-5AE6-47DC-9A44-9C173E1C8E7C): 0
LogDevObjectVersion:   Dev-Physics (78F01B33-EBEA-4F98-B9B4-84EACCB95AA2): 0
LogDevObjectVersion:   Dev-Platform (6631380F-2D4D-43E0-8009-CF276956A95A): 0
LogDevObjectVersion:   Dev-Rendering (12F88B9F-8875-4AFC-A67C-D90C383ABD29): 15
LogDevObjectVersion:   Dev-Sequencer (7B5AE74C-D270-4C10-A958-57980B212A5A): 4
LogDevObjectVersion:   Dev-VR (D7296918-1DD6-4BDD-9DE2-64A83CC13884): 0
LogDevObjectVersion:   Dev-LoadTimes (C2A15278-BFE7-4AFE-6C17-90FF531DF755): 1
LogDevObjectVersion:   Private-Geometry (6EACA3D4-40EC-4CC1-B786-8BED09428FC5): 1
LogDevObjectVersion:   Dev-AnimPhys (29E575DD-E0A3-4627-9D10-D276232CDCEA): 3
LogInit: Compiled (64-bit): Jul 28 2017 11:49:47
LogInit: Compiled with Visual C++: 19.00.24215.01
LogInit: Build Configuration: Development
LogInit: Branch Name: ++UE4+Release-4.16
LogInit: Command line: -EpicPortal 
LogInit: Base directory: C:/Program Files/Epic Games/UE_4.16/Engine/Binaries/Win64/
LogInit: Installed Engine Build: 1
LogInit: Presizing for max 8388607 objects, including 0 objects not considered by GC, pre-allocating 0 bytes for permanent pool.
LogInit: Object subsystem initialized
[2017.09.19-15.09.26:933][  0]LogInit: Selected Device Profile: [Windows]
[2017.09.19-15.09.26:933][  0]LogInit: Applying CVar settings loaded from the selected device profile: [Windows]
[2017.09.19-15.09.26:955][  0]LogInit: Computer: DESKTOP-SVHF63F
[2017.09.19-15.09.26:955][  0]LogInit: User: Tagev
[2017.09.19-15.09.26:955][  0]LogInit: CPU Page size=4096, Cores=4
[2017.09.19-15.09.26:955][  0]LogInit: High frequency timer resolution =3.919354 MHz
[2017.09.19-15.09.26:955][  0]LogMemory: Memory total: Physical=15.9GB (16GB approx)
[2017.09.19-15.09.26:955][  0]LogMemory: Platform Memory Stats for Windows
[2017.09.19-15.09.26:955][  0]LogMemory: Process Physical Memory: 272.65 MB used, 272.65 MB peak
[2017.09.19-15.09.26:955][  0]LogMemory: Process Virtual Memory: 262.84 MB used, 262.84 MB peak
[2017.09.19-15.09.26:955][  0]LogMemory: Physical Memory: 7775.91 MB used,  8507.58 MB free, 16283.50 MB total
[2017.09.19-15.09.26:955][  0]LogMemory: Virtual Memory: 640.27 MB used,  8507.58 MB free, 134217728.00 MB total
[2017.09.19-15.09.27:172][  0]LogInit: Using OS detected language (en-US).
[2017.09.19-15.09.27:172][  0]LogInit: Using OS detected locale (en-GB).
[2017.09.19-15.09.27:177][  0]LogTextLocalizationManager: No specific localization for 'en-US' exists, so the 'en' localization will be used.
[2017.09.19-15.09.29:057][  0]LogD3D11RHI: D3D11 adapters:
[2017.09.19-15.09.29:082][  0]LogD3D11RHI:    0. 'AMD Radeon R9 200 Series' (Feature Level 11_0)
[2017.09.19-15.09.29:082][  0]LogD3D11RHI:       3052/0/8141 MB DedicatedVideo/DedicatedSystem/SharedSystem, Outputs:2, VendorId:0x1002
[2017.09.19-15.09.29:084][  0]LogD3D11RHI:    1. 'Microsoft Basic Render Driver' (Feature Level 11_0)
[2017.09.19-15.09.29:084][  0]LogD3D11RHI:       0/0/8141 MB DedicatedVideo/DedicatedSystem/SharedSystem, Outputs:0, VendorId:0x1414
[2017.09.19-15.09.29:084][  0]LogD3D11RHI: Chosen D3D11 Adapter: 0
[2017.09.19-15.09.29:098][  0]LogD3D11RHI: Creating new Direct3DDevice
[2017.09.19-15.09.29:098][  0]LogD3D11RHI:     GPU DeviceId: 0x6798 (for the marketing name, search the web for "GPU Device Id")
[2017.09.19-15.09.29:099][  0]LogWindows: EnumDisplayDevices:
[2017.09.19-15.09.29:099][  0]LogWindows:    0. 'AMD Radeon R9 200 Series' (P:0 D:1)
[2017.09.19-15.09.29:100][  0]LogWindows:    1. 'AMD Radeon R9 200 Series' (P:1 D:1)
[2017.09.19-15.09.29:101][  0]LogWindows:    2. 'AMD Radeon R9 200 Series' (P:0 D:0)
[2017.09.19-15.09.29:102][  0]LogWindows:    3. 'AMD Radeon R9 200 Series' (P:0 D:0)
[2017.09.19-15.09.29:103][  0]LogWindows:    4. 'AMD Radeon R9 200 Series' (P:0 D:0)
[2017.09.19-15.09.29:104][  0]LogWindows:    5. 'AMD Radeon R9 200 Series' (P:0 D:0)
[2017.09.19-15.09.29:105][  0]LogWindows: DebugString: FoundDriverCount:6 
[2017.09.19-15.09.29:105][  0]LogD3D11RHI:     Adapter Name: AMD Radeon R9 200 Series
[2017.09.19-15.09.29:105][  0]LogD3D11RHI:   Driver Version: Crimson ReLive 17.7.2 (internal:22.19.662.4, unified:22.19.662.4)
[2017.09.19-15.09.29:105][  0]LogD3D11RHI:      Driver Date: 7-20-2017
[2017.09.19-15.09.29:105][  0]LogRHI: Texture pool is 1361 MB (70% of 1945 MB)
[2017.09.19-15.09.29:160][  0]LogD3D11RHI: Async texture creation enabled
[2017.09.19-15.09.29:176][  0]LogD3D11RHI: GPU Timing Frequency: 27.000000 (Debug: 2 1)
[2017.09.19-15.09.29:178][  0]LogShaderCompilers: Guid format shader working directory is -1 characters bigger than the processId version (D:/Game projects/Wavebased survival/GameProject/Intermediate/Shaders/WorkingDirectory/5684/).
[2017.09.19-15.09.29:178][  0]LogShaderCompilers: Cleaned the shader compiler working directory 'C:/Users/Tagev/AppData/Local/Temp/UnrealShaderWorkingDir/606EE19B472B5194134FFB91D3F31C51/'.
[2017.09.19-15.09.29:178][  0]LogShaderCompilers:Display: Using Local Shader Compiler.
[2017.09.19-15.09.32:393][  0]LogTemp:Display: Loaded TP AllDesktopTargetPlatform
[2017.09.19-15.09.32:535][  0]LogTemp:Display: Loaded TP MacClientTargetPlatform
[2017.09.19-15.09.32:664][  0]LogTemp:Display: Loaded TP MacNoEditorTargetPlatform
[2017.09.19-15.09.32:779][  0]LogTemp:Display: Loaded TP MacServerTargetPlatform
[2017.09.19-15.09.32:898][  0]LogTemp:Display: Loaded TP MacTargetPlatform
[2017.09.19-15.09.33:039][  0]LogTemp:Display: Loaded TP WindowsClientTargetPlatform
[2017.09.19-15.09.33:176][  0]LogTemp:Display: Loaded TP WindowsNoEditorTargetPlatform
[2017.09.19-15.09.33:331][  0]LogTemp:Display: Loaded TP WindowsServerTargetPlatform
[2017.09.19-15.09.33:464][  0]LogTemp:Display: Loaded TP WindowsTargetPlatform
[2017.09.19-15.09.33:626][  0]LogTemp:Display: Loaded TP AndroidTargetPlatform
[2017.09.19-15.09.33:761][  0]LogTemp:Display: Loaded TP Android_ASTCTargetPlatform
[2017.09.19-15.09.33:893][  0]LogTemp:Display: Loaded TP Android_ATCTargetPlatform
[2017.09.19-15.09.34:025][  0]LogTemp:Display: Loaded TP Android_DXTTargetPlatform
[2017.09.19-15.09.34:148][  0]LogTemp:Display: Loaded TP Android_ETC1TargetPlatform
[2017.09.19-15.09.34:273][  0]LogTemp:Display: Loaded TP Android_ETC2TargetPlatform
[2017.09.19-15.09.34:574][  0]LogTemp:Display: Loaded TP Android_MultiTargetPlatform
[2017.09.19-15.09.34:574][  0]LogTemp:Display: Loaded TP Android_PVRTCTargetPlatform
[2017.09.19-15.09.34:686][  0]LogTemp:Display: Loaded TP HTML5TargetPlatform
[2017.09.19-15.09.34:895][  0]LogTemp:Display: Loaded TP IOSTargetPlatform
[2017.09.19-15.09.34:972][  0]LogTemp:Display: Loaded TP TVOSTargetPlatform
[2017.09.19-15.09.35:097][  0]LogTemp:Display: Loaded TP LinuxClientTargetPlatform
[2017.09.19-15.09.35:223][  0]LogTemp:Display: Loaded TP LinuxNoEditorTargetPlatform
[2017.09.19-15.09.35:350][  0]LogTemp:Display: Loaded TP LinuxServerTargetPlatform
[2017.09.19-15.09.35:476][  0]LogTemp:Display: Loaded TP LinuxTargetPlatform
[2017.09.19-15.09.35:476][  0]LogTargetPlatformManager:Display: Building Assets For Windows
[2017.09.19-15.09.37:132][  0]LogDerivedDataCache:Display: Max Cache Size: 512 MB
[2017.09.19-15.09.37:437][  0]LogDerivedDataCache: Loaded boot cache 0.31s 90MB C:/Users/Tagev/AppData/Local/UnrealEngine/4.16/DerivedDataCache/Boot.ddc.
[2017.09.19-15.09.37:437][  0]LogDerivedDataCache:Display: Loaded Boot cache: C:/Users/Tagev/AppData/Local/UnrealEngine/4.16/DerivedDataCache/Boot.ddc
[2017.09.19-15.09.37:437][  0]LogDerivedDataCache: FDerivedDataBackendGraph:  Pak pak cache file D:/Game projects/Wavebased survival/GameProject/DerivedDataCache/DDC.ddp not found, will not use a pak cache.
[2017.09.19-15.09.37:437][  0]LogDerivedDataCache: Unable to find inner node Pak for hierarchical cache Hierarchy.
[2017.09.19-15.09.37:437][  0]LogDerivedDataCache: FDerivedDataBackendGraph:  CompressedPak pak cache file D:/Game projects/Wavebased survival/GameProject/DerivedDataCache/Compressed.ddp not found, will not use a pak cache.
[2017.09.19-15.09.37:437][  0]LogDerivedDataCache: Unable to find inner node CompressedPak for hierarchical cache Hierarchy.
[2017.09.19-15.09.37:478][  0]LogDerivedDataCache:Display: Pak cache opened for reading ../../../Engine/DerivedDataCache/Compressed.ddp.
[2017.09.19-15.09.37:492][  0]LogDerivedDataCache: Using Local data cache path C:/Users/Tagev/AppData/Local/UnrealEngine/Common/DerivedDataCache: Writable
[2017.09.19-15.09.37:522][  0]LogMaterial: Verifying Global Shaders for PCD3D_SM5
[2017.09.19-15.09.37:522][  0]LogSlate: Using Freetype 2.6.0
[2017.09.19-15.09.37:524][  0]LogSlate: SlateFontCache - WITH_FREETYPE: 1, WITH_HARFBUZZ: 1
[2017.09.19-15.09.37:524][  0]LogSlate: SlateFontCache - WITH_FREETYPE: 1, WITH_HARFBUZZ: 1
[2017.09.19-15.09.38:339][  0]LogInit: Selected Device Profile: [Windows]
[2017.09.19-15.09.38:545][  0]LogContentStreaming: Texture pool size is 0.00 MB
[2017.09.19-15.09.38:885][  0]LogMeshUtilities: Using QuadricMeshReduction for automatic static mesh reduction
[2017.09.19-15.09.39:001][  0]LogSimplygon: Simplygon DLL not present - disabling.
[2017.09.19-15.09.39:118][  0]LogMeshUtilities: Using SimplygonSwarm for distributed automatic mesh merging
[2017.09.19-15.09.39:118][  0]LogMeshUtilities: No automatic skeletal mesh reduction module available
[2017.09.19-15.09.39:118][  0]LogMeshUtilities: No automatic mesh merging module available
[2017.09.19-15.09.40:235][  0]LogNetVersion: GameProject , NetCL: 3452394, EngineNetVer: 2, GameNetVer: 0 (Checksum: 3145823661)
[2017.09.19-15.09.40:341][  0]LogAssetRegistry: FAssetRegistry took 0.0281 seconds to start up
[2017.09.19-15.09.40:509][  0]LogPackageLocalizationCache: Processed 4 localized package path(s) for 2 prioritized culture(s) in 0.097580 seconds
[2017.09.19-15.09.40:520][  0]LogUObjectArray: 34194 objects as part of root set at end of initial load.
[2017.09.19-15.09.40:520][  0]LogUObjectAllocator: 7260424 out of 0 bytes used by permanent object pool.
[2017.09.19-15.09.40:520][  0]LogUObjectArray: CloseDisregardForGC: 0/0 objects in disregard for GC pool
[2017.09.19-15.09.40:713][  0]LogInit: WinSock: version 1.1 (2.2), MaxSocks=32767, MaxUdp=65467
[2017.09.19-15.09.47:473][  0]LogTcpMessaging: Initializing TcpMessaging bridge
[2017.09.19-15.09.47:607][  0]LogUdpMessaging: Initializing bridge on interface 0.0.0.0:0 to multicast group 230.0.0.1:6666.
[2017.09.19-15.09.49:349][  0]LogMaterial: Uniform references updated for custom material expression Custom.
[2017.09.19-15.09.50:540][  0]SourceControl: Info Source control is disabled
[2017.09.19-15.09.50:902][  0]SourceControl: Info Source control is disabled
[2017.09.19-15.09.51:025][  0]SourceControl: Info Source control is disabled
[2017.09.19-15.09.51:158][  0]SourceControl: Info Source control is disabled
[2017.09.19-15.09.51:948][  0]LogLinker:Warning: Can't find file '/Game/TopDownCPP/TopDownOverview'
[2017.09.19-15.09.51:948][  0]LogLinker:Warning: Can't find file '/Game/TopDownCPP/TopDownOverview'
[2017.09.19-15.09.51:948][  0]LogUObjectGlobals:Warning: Failed to find object 'Class /Game/TopDownCPP/TopDownOverview.TopDownOverview_C'
[2017.09.19-15.09.53:366][  0]LogAndroidPermission: UAndroidPermissionCallbackProxy::GetInstance
[2017.09.19-15.09.54:948][  0]LogEngine: Initializing Engine...
[2017.09.19-15.09.54:949][  0]LogHMD: Failed to initialize OpenVR with code 110
[2017.09.19-15.09.55:297][  0]LogStats: UGameplayTagsManager::ConstructGameplayTagTree: Construct from data asset -  0.000 s
[2017.09.19-15.09.55:297][  0]LogStats: UGameplayTagsManager::ConstructGameplayTagTree: GameplayTagTreeChangedEvent.Broadcast -  0.000 s
[2017.09.19-15.09.55:621][  0]LogAIModule: Creating AISystem for world Untitled
[2017.09.19-15.09.55:720][  0]LogInit: XAudio2 using 'Headset Earphone (Corsair VOID RGB Wireless Gaming Headset)' : 6 channels at 48 kHz using 16 bits per sample (channel mask 0x3f)
[2017.09.19-15.09.56:122][  0]LogInit: FAudioDevice initialized.
[2017.09.19-15.09.56:225][  0]LogDerivedDataCache: Saved boot cache 0.10s 90MB C:/Users/Tagev/AppData/Local/UnrealEngine/4.16/DerivedDataCache/Boot.ddc.
[2017.09.19-15.09.56:269][  0]LogInit: Texture streaming: Enabled
[2017.09.19-15.09.56:564][  0]LogEngineSessionManager: EngineSessionManager initialized
[2017.09.19-15.09.57:247][  0]LogInit: Transaction tracking system initialized
[2017.09.19-15.09.58:195][  0]BlueprintLog: New page: Editor Load
[2017.09.19-15.10.01:156][  0]LocalizationService: Info Localization service is disabled
[2017.09.19-15.10.03:196][  0]LogConsoleResponse:Display: 
[2017.09.19-15.10.03:543][  0]LogFileCache: Scanning file cache for directory 'D:/Game projects/Wavebased survival/GameProject/Content/' took 0.01s
[2017.09.19-15.10.03:543][  0]LogCook:Display: Max memory allowance for cook 16384mb min free memory 0mb
[2017.09.19-15.10.03:543][  0]LogCook:Display: Mobile HDR setting 1
[2017.09.19-15.10.07:028][  0]SourceControl: Info Source control is disabled
[2017.09.19-15.10.07:028][  0]Cmd: MAP LOAD FILE="../../../Engine/Content/Maps/Templates/Template_Default.umap" TEMPLATE=1 SHOWPROGRESS=1 FEATURELEVEL=3
[2017.09.19-15.10.07:029][  0]LightingResults: New page: Lighting Build
[2017.09.19-15.10.07:162][  0]MapCheck: New page: Map Check
[2017.09.19-15.10.07:162][  0]LightingResults: New page: Lighting Build
[2017.09.19-15.10.07:630][  0]LogAIModule: Creating AISystem for world Untitled_1
[2017.09.19-15.10.07:631][  0]LogActorComponent: RegisterComponentWithWorld: (/Temp/Untitled_1.Untitled_1:PersistentLevel.WorldSettings_1.StaticMeshComponent0) Trying to register component with IsPendingKill() == true. Aborting.
[2017.09.19-15.10.07:640][  0]LogEditorServer: Finished looking for orphan Actors (0.000 secs)
[2017.09.19-15.10.07:681][  0]Cmd: MAP CHECKDEP NOCLEARLOG
[2017.09.19-15.10.07:806][  0]MapCheck: Info Map check complete: 0 Error(s), 0 Warning(s), took 125.212ms to complete.
[2017.09.19-15.10.07:807][  0]LogFileHelpers: Loading map 'Template_Default' took 0.779
[2017.09.19-15.10.07:914][  0]LogWindowsTextInputMethodSystem:Display: IME system now deactivated.
[2017.09.19-15.10.08:311][  0]LogCollectionManager: Loaded 0 collections in 0.001675 seconds
[2017.09.19-15.10.08:496][  0]LogFileCache: Scanning file cache for directory 'D:/Game projects/Wavebased survival/GameProject/Saved/Collections/' took 0.01s
[2017.09.19-15.10.08:496][  0]LogFileCache: Scanning file cache for directory 'D:/Game projects/Wavebased survival/GameProject/Content/Developers/Tagev/Collections/' took 0.01s
[2017.09.19-15.10.08:496][  0]LogFileCache: Scanning file cache for directory 'D:/Game projects/Wavebased survival/GameProject/Content/Collections/' took 0.01s
[2017.09.19-15.10.08:496][  0]LogCollectionManager: Rebuilt the GUID cache for 0 collections in 0.000003 seconds
[2017.09.19-15.10.08:521][  0]LogContentBrowser: Native class hierarchy populated in 0.0244 seconds. Added 2331 classes and 495 folders.
[2017.09.19-15.10.08:747][  0]LogContentBrowser: Native class hierarchy updated for 'WidgetCarousel' in 0.0032 seconds. Added 0 classes and 0 folders.
[2017.09.19-15.10.08:858][  0]LogContentBrowser: Native class hierarchy updated for 'AddContentDialog' in 0.0036 seconds. Added 0 classes and 0 folders.
[2017.09.19-15.10.08:991][  0]LogCrashTracker: Crashtracker disabled due to settings.
[2017.09.19-15.10.09:007][  0]LogSlate: Took 0.000338 seconds to synchronously load lazily loaded font '../../../Engine/Content/Slate/Fonts/Roboto-Regular.ttf' (155K)
[2017.09.19-15.10.09:014][  0]LogSlate: Took 0.000423 seconds to synchronously load lazily loaded font '../../../Engine/Content/Slate/Fonts/Roboto-Bold.ttf' (160K)
[2017.09.19-15.10.09:018][  0]LogSlate: Took 0.000372 seconds to synchronously load lazily loaded font '../../../Engine/Content/Editor/Slate/Fonts/FontAwesome.ttf' (139K)
[2017.09.19-15.10.09:159][  0]LogRenderer: Reallocating scene render targets to support 1272x700 NumSamples 1 (Frame:1).
[2017.09.19-15.10.09:460][  0]LogUObjectGlobals:Warning: Failed to find object 'Class None.'
[2017.09.19-15.10.09:652][  0]LogContentBrowser: Native class hierarchy updated for 'HierarchicalLODOutliner' in 0.0031 seconds. Added 1 classes and 2 folders.
[2017.09.19-15.10.09:652][  0]LogLoad: (Engine Initialization) Total time: 46.43 seconds
[2017.09.19-15.10.09:652][  0]LogLoad: (Engine Initialization) Total Blueprint compile time: 0.22 seconds
[2017.09.19-15.10.09:652][  0]LogExternalProfiler: No external profilers were discovered.  External profiling features will not be available.
[2017.09.19-15.10.09:668][  0]LogOcInput: OculusInput pre-init called
[2017.09.19-15.10.09:668][  0]LogHMD: Starting GearVRController plugin
[2017.09.19-15.10.09:699][  0]LogContentStreaming: Texture pool size now 800 MB
[2017.09.19-15.10.09:783][  1]LogAssetRegistry: Asset discovery search completed in 29.4636 seconds
[2017.09.19-15.10.09:785][  1]LogCollectionManager: Rebuilt the object cache for 0 collections in 0.000001 seconds (found 0 objects)
[2017.09.19-15.10.09:785][  1]LogCollectionManager: Fixed up redirectors for 0 collections in 0.000054 seconds (updated 0 objects)
[2017.09.19-15.10.15:598][621]LogSlate: Took 0.000323 seconds to synchronously load lazily loaded font '../../../Engine/Content/Slate/Fonts/Roboto-Light.ttf' (159K)
[2017.09.19-15.10.24:178][387]LogSlate: Only BGRA pngs, bmps or icos are supported in by External Image Picker
[2017.09.19-15.10.24:434][399]LogTemp: Executing iPhonePackager certificates Engine -bundlename com.YourCompany.GameProject
[2017.09.19-15.10.24:434][399]LogTemp: CWD: C:\Program Files\Epic Games\UE_4.16\Engine\Binaries\DotNET\IOS
[2017.09.19-15.10.24:435][399]LogTemp: Initial Dir: C:\Program Files\Epic Games\UE_4.16
[2017.09.19-15.10.24:435][399]LogTemp: Env CWD: C:\Program Files\Epic Games\UE_4.16\Engine\Binaries\DotNET\IOS
[2017.09.19-15.10.24:446][400]LogTemp: BranchPath = DESKTOP-SVHF63F/C/Program Files/Epic Games/UE_4.16/Engine/Binaries --- GameBranchPath = DESKTOP-SVHF63F/C/Program Files/Epic Games/UE_4.16/Engine/Binaries
[2017.09.19-15.10.24:503][405]LogTemp: IPP ERROR: Could not find provision directory 'C:\Users\Tagev\AppData\Local/Apple Computer/MobileDevice/Provisioning Profiles/'.
[2017.09.19-15.11.45:087][418]LogSlate: Took 0.000349 seconds to synchronously load lazily loaded font '../../../Engine/Content/Slate/Fonts/Roboto-Light.ttf' (159K)
[2017.09.19-15.11.45:167][418]LogSlate: Took 0.008338 seconds to synchronously load lazily loaded font '../../../Engine/Content/Editor/Slate/Fonts/Roboto-BoldCondensed.ttf' (158K)
[2017.09.19-15.12.18:911][633]Running C:/Program Files/Epic Games/UE_4.16/Engine/Binaries/DotNET/UnrealBuildTool.exe GameProject Win64 Development -editorrecompile "D:/Game projects/Wavebased survival/GameProject/GameProject.uproject" -invalidatemakefilesonly
[2017.09.19-15.12.20:305][633]Invalidating makefiles only in this run.
[2017.09.19-15.12.20:417][633]LogSlate: Took 0.000414 seconds to synchronously load lazily loaded font '../../../Engine/Content/Slate/Fonts/Roboto-Regular.ttf' (155K)
[2017.09.19-15.12.20:470][633]Candidate modules for hot reload:
[2017.09.19-15.12.20:470][633]  GameProject
[2017.09.19-15.12.20:470][633]Launching UnrealBuildTool... [C:/Program Files/Epic Games/UE_4.16/Engine/Binaries/DotNET/UnrealBuildTool.exe GameProject -ModuleWithSuffix GameProject 2591 Win64 Development -editorrecompile -canskiplink "D:/Game projects/Wavebased survival/GameProject/GameProject.uproject" ]
[2017.09.19-15.12.38:975][633]CompilerResultsLog: New page: Compilation - 19 Sep 2017 19:12:38
[2017.09.19-15.12.38:975][633]CompilerResultsLog: Info Compiling game modules for hot reload
[2017.09.19-15.12.38:975][633]CompilerResultsLog: Info Parsing headers for GameProjectEditor
[2017.09.19-15.12.38:975][633]CompilerResultsLog: Info   Running UnrealHeaderTool "D:\Game projects\Wavebased survival\GameProject\GameProject.uproject" "D:\Game projects\Wavebased survival\GameProject\Intermediate\Build\Win64\GameProjectEditor\Development\GameProjectEditor.uhtmanifest" -LogCmds="loginit warning, logexit warning, logdatabase error" -Unattended -WarningsAsErrors -installed
[2017.09.19-15.12.38:975][633]CompilerResultsLog: Info Reflection code generated for GameProjectEditor in 7.3363439 seconds
[2017.09.19-15.12.38:975][633]CompilerResultsLog: Info Performing 4 actions (4 in parallel)
[2017.09.19-15.12.38:975][633]CompilerResultsLog: Info Heroes.cpp
[2017.09.19-15.12.38:975][633]CompilerResultsLog: Info GameProject.generated.cpp
[2017.09.19-15.12.38:975][633]CompilerResultsLog: Info [3/4] Link UE4Editor-GameProject-2591.dll
[2017.09.19-15.12.38:975][633]CompilerResultsLog: Info [4/4] Link UE4Editor-GameProject-2591.lib
[2017.09.19-15.12.38:975][633]CompilerResultsLog: Info    Creating library D:\Game projects\Wavebased survival\GameProject\Intermediate\Build\Win64\UE4Editor\Development\UE4Editor-GameProject-2591.suppressed.lib and object D:\Game projects\Wavebased survival\GameProject\Intermediate\Build\Win64\UE4Editor\Development\UE4Editor-GameProject-2591.suppressed.exp
[2017.09.19-15.12.38:975][633]CompilerResultsLog: Info    Creating library D:\Game projects\Wavebased survival\GameProject\Intermediate\Build\Win64\UE4Editor\Development\UE4Editor-GameProject-2591.lib and object D:\Game projects\Wavebased survival\GameProject\Intermediate\Build\Win64\UE4Editor\Development\UE4Editor-GameProject-2591.exp
[2017.09.19-15.12.38:976][633]CompilerResultsLog: Info Total build time: 17.51 seconds (Local executor: 4.15 seconds)
[2017.09.19-15.12.38:976][633]LogMainFrame: MainFrame: Module compiling took 18.529 seconds
[2017.09.19-15.12.39:203][633]LogClass: Could not find existing class Heroes in package /Script/GameProject for HotReload, assuming new class
[2017.09.19-15.12.39:208][633]LogContentBrowser: Native class hierarchy updated for 'GameProject' in 0.0024 seconds. Added 2 classes and 2 folders.
[2017.09.19-15.12.39:211][633]Display: HotReload successful (0 functions remapped  0 scriptstructs remapped)
[2017.09.19-15.12.39:314][633]LogContentBrowser: Native class hierarchy populated in 0.0284 seconds. Added 2333 classes and 497 folders.
[2017.09.19-15.12.39:314][633]Display: HotReload took 18.9s.
[2017.09.19-15.12.39:317][633]Warning: HotReload operation took 18.9s.
[2017.09.19-15.12.41:769][633]LogVSAccessor:Warning: Couldn't goto line number '0' in 'D:/Game projects/Wavebased survival/GameProject/Source/GameProject/Heroes.h'
[2017.09.19-15.12.42:161][633]LogVSAccessor:Warning: Couldn't goto line number '0' in 'D:/Game projects/Wavebased survival/GameProject/Source/GameProject/Heroes.cpp'
[2017.09.19-15.12.42:194][633]LogHotReload: New module detected: UE4Editor-GameProject-2591.dll
[2017.09.19-15.12.42:435][634]LogHotReload: Starting Hot-Reload from IDE
[2017.09.19-15.12.42:849][634]LogContentBrowser: Native class hierarchy updated for 'GameProject' in 0.0038 seconds. Added 2 classes and 2 folders.
[2017.09.19-15.12.42:853][634]Display: HotReload successful (0 functions remapped  0 scriptstructs remapped)
[2017.09.19-15.12.42:884][634]LogContentBrowser: Native class hierarchy populated in 0.0260 seconds. Added 2333 classes and 497 folders.
[2017.09.19-15.12.42:910][634]Display: HotReload took  0.5s.
[2017.09.19-15.13.17:455][987]LogEditor: Attempting to add actor of class 'Heroes' to level at -180.00,-130.00,108.00
[2017.09.19-15.13.18:037][ 27]LogEditor: Attempting to add actor of class 'Heroes' to level at -80.00,-80.00,108.00
[2017.09.19-15.13.20:138][186]Cmd: DELETE
[2017.09.19-15.13.20:138][186]Cmd: ACTOR DELETE
[2017.09.19-15.13.20:140][186]LogEditorActor: Deleted Actor: Heroes
[2017.09.19-15.13.20:164][186]LogEditorActor: Deleted 1 Actors (0.024 secs)
[2017.09.19-15.20.25:718][651]LogSlate: Took 0.007840 seconds to synchronously load lazily loaded font '../../../Engine/Content/Slate/Fonts/Roboto-Light.ttf' (159K)
[2017.09.19-15.20.35:099][679]Cmd: OBJ SAVEPACKAGE PACKAGE="/Temp/Untitled_1" FILE="D:/Game projects/Wavebased survival/GameProject/Saved/Autosaves/Temp/Untitled_1_Auto1.umap" SILENT=true AUTOSAVING=true KEEPDIRTY=false
[2017.09.19-15.20.35:186][679]LogSavePackage: Save=84.61ms
[2017.09.19-15.20.35:186][679]LogSavePackage: Moving 'D:/Game projects/Wavebased survival/GameProject/Saved/Untitled_1_Auto1EBE8FE6B487440FE9630A8AD4CEF0523.tmp' to 'D:/Game projects/Wavebased survival/GameProject/Saved/Autosaves/Temp/Untitled_1_Auto1.umap'
[2017.09.19-15.20.35:187][679]LogSavePackage:Display: Finished SavePackage D:/Game projects/Wavebased survival/GameProject/Saved/Autosaves/Temp/Untitled_1_Auto1.umap
[2017.09.19-15.20.35:197][679]LogFileHelpers: Editor autosave (incl. sublevels) for '/Temp/Untitled_1' took 0.122
[2017.09.19-15.20.35:197][679]LogFileHelpers: Editor autosave (incl. sublevels) for all levels took 0.122
[2017.09.19-17.00.40:346][849]LogSlate: Only BGRA pngs, bmps or icos are supported in by External Image Picker
[2017.09.19-17.00.40:659][863]LogTemp: Executing iPhonePackager certificates Engine -bundlename com.YourCompany.GameProject
[2017.09.19-17.00.40:659][863]LogTemp: CWD: C:\Program Files\Epic Games\UE_4.16\Engine\Binaries\DotNET\IOS
[2017.09.19-17.00.40:659][863]LogTemp: Initial Dir: C:\Program Files\Epic Games\UE_4.16
[2017.09.19-17.00.40:659][863]LogTemp: Env CWD: C:\Program Files\Epic Games\UE_4.16\Engine\Binaries\DotNET\IOS
[2017.09.19-17.00.40:671][864]LogTemp: BranchPath = DESKTOP-SVHF63F/C/Program Files/Epic Games/UE_4.16/Engine/Binaries --- GameBranchPath = DESKTOP-SVHF63F/C/Program Files/Epic Games/UE_4.16/Engine/Binaries
[2017.09.19-17.00.40:736][869]LogTemp: IPP ERROR: Could not find provision directory 'C:\Users\Tagev\AppData\Local/Apple Computer/MobileDevice/Provisioning Profiles/'.
[2017.09.19-17.12.11:974][899]LogHotReload: New module detected: UE4Editor-GameProject-9908.dll
[2017.09.19-17.12.14:000][906]LogHotReload: Starting Hot-Reload from IDE
[2017.09.19-17.12.14:471][906]LogHotReload: Re-instancing Heroes after hot-reload.
[2017.09.19-17.12.14:601][906]LogContentBrowser: Native class hierarchy updated for 'GameProject' in 0.0035 seconds. Added 2 classes and 2 folders.
[2017.09.19-17.12.14:604][906]Display: HotReload successful (0 functions remapped  0 scriptstructs remapped)
[2017.09.19-17.12.14:684][906]LogContentBrowser: Native class hierarchy populated in 0.0360 seconds. Added 2333 classes and 497 folders.
[2017.09.19-17.12.14:714][906]Display: HotReload took  0.7s.
[2017.09.19-17.12.30:227][919]Cmd: OBJ SAVEPACKAGE PACKAGE="/Game/TestMap" FILE="D:/Game projects/Wavebased survival/GameProject/Content/TestMap.umap" SILENT=true AUTOSAVING=false KEEPDIRTY=false
[2017.09.19-17.12.30:323][919]LogSavePackage: Save=64.68ms
[2017.09.19-17.12.30:323][919]LogSavePackage: Moving 'D:/Game projects/Wavebased survival/GameProject/Saved/TestMap25E256DC4175B007A39EDFB08B183ADA.tmp' to 'D:/Game projects/Wavebased survival/GameProject/Content/TestMap.umap'
[2017.09.19-17.12.30:330][919]LogSavePackage:Display: Finished SavePackage D:/Game projects/Wavebased survival/GameProject/Content/TestMap.umap
[2017.09.19-17.12.30:365][919]LogFileHelpers: Saving map 'TestMap' took 1.006
[2017.09.19-17.12.30:795][920]Cmd: QUIT_EDITOR
[2017.09.19-17.12.30:833][920]LogWindowsTextInputMethodSystem:Display: IME system now deactivated.
[2017.09.19-17.12.30:868][920]LogExit: Preparing to exit.
[2017.09.19-17.12.32:229][920]LogExit: Editor shut down
[2017.09.19-17.12.32:245][920]LogExit: Transaction tracking system shut down
[2017.09.19-17.12.32:519][920]LogObj: Freed 0b from 0 cluster array pools.
[2017.09.19-17.12.32:520][920]LogExit: Object subsystem successfully closed.
[2017.09.19-17.12.32:580][920]LogD3D11RHI: Shutdown
[2017.09.19-17.12.32:580][920]LogD3D11RHI: CleanupD3DDevice
[2017.09.19-17.12.32:702][920]LogD3D11RHI: ~FD3D11DynamicRHI
[2017.09.19-17.12.32:773][920]LogModuleManager: Shutting down and abandoning module GameProject (531)
[2017.09.19-17.12.32:774][920]LogModuleManager: Shutting down and abandoning module ExternalImagePicker (528)
[2017.09.19-17.12.32:774][920]LogModuleManager: Shutting down and abandoning module HierarchicalLODOutliner (526)
[2017.09.19-17.12.32:774][920]LogModuleManager: Shutting down and abandoning module CrashTracker (524)
[2017.09.19-17.12.32:774][920]LogModuleManager: Shutting down and abandoning module AddContentDialog (522)
[2017.09.19-17.12.32:775][920]LogDirectoryWatcher: A directory notification for 'C:/Program Files/Epic Games/UE_4.16/FeaturePacks/' was aborted.
[2017.09.19-17.12.32:786][920]LogModuleManager: Shutting down and abandoning module WidgetCarousel (521)
[2017.09.19-17.12.32:786][920]LogModuleManager: Shutting down and abandoning module EditorWidgets (518)
[2017.09.19-17.12.32:786][920]LogModuleManager: Shutting down and abandoning module CollectionManager (516)
[2017.09.19-17.12.32:786][920]LogDirectoryWatcher: A directory notification for 'D:/Game projects/Wavebased survival/GameProject/Content/Collections/' was aborted.
[2017.09.19-17.12.32:786][920]LogDirectoryWatcher: A directory notification for 'D:/Game projects/Wavebased survival/GameProject/Content/Developers/Tagev/Collections/' was aborted.
[2017.09.19-17.12.32:786][920]LogDirectoryWatcher: A directory notification for 'D:/Game projects/Wavebased survival/GameProject/Saved/Collections/' was aborted.
[2017.09.19-17.12.32:787][920]LogModuleManager: Shutting down and abandoning module SceneOutliner (514)
[2017.09.19-17.12.32:787][920]LogModuleManager: Shutting down and abandoning module StatsViewer (512)
[2017.09.19-17.12.32:787][920]LogModuleManager: Shutting down and abandoning module FoliageEdit (510)
[2017.09.19-17.12.32:787][920]LogModuleManager: Shutting down and abandoning module LandscapeEditor (508)
[2017.09.19-17.12.32:788][920]LogModuleManager: Shutting down and abandoning module MeshPaintMode (506)
[2017.09.19-17.12.32:788][920]LogModuleManager: Shutting down and abandoning module SceneDepthPickerMode (504)
[2017.09.19-17.12.32:788][920]LogModuleManager: Shutting down and abandoning module ActorPickerMode (502)
[2017.09.19-17.12.32:788][920]LogModuleManager: Shutting down and abandoning module GeometryMode (500)
[2017.09.19-17.12.32:788][920]LogModuleManager: Shutting down and abandoning module TextureAlignMode (498)
[2017.09.19-17.12.32:788][920]LogModuleManager: Shutting down and abandoning module BspMode (496)
[2017.09.19-17.12.32:789][920]LogModuleManager: Shutting down and abandoning module HardwareSurvey (494)
[2017.09.19-17.12.32:789][920]LogModuleManager: Shutting down and abandoning module SequenceRecorderSections (492)
[2017.09.19-17.12.32:789][920]LogModuleManager: Shutting down and abandoning module AutomationWorker (490)
[2017.09.19-17.12.32:789][920]LogModuleManager: Shutting down and abandoning module MatineeToLevelSequence (488)
[2017.09.19-17.12.32:790][920]LogModuleManager: Shutting down and abandoning module LevelSequenceEditor (486)
[2017.09.19-17.12.32:792][920]LogModuleManager: Shutting down and abandoning module PlacementMode (485)
[2017.09.19-17.12.32:792][920]LogModuleManager: Shutting down and abandoning module WmfMediaFactory (482)
[2017.09.19-17.12.32:792][920]LogModuleManager: Shutting down and abandoning module WmfMediaEditor (480)
[2017.09.19-17.12.32:792][920]LogModuleManager: Shutting down and abandoning module AvfMediaFactory (478)
[2017.09.19-17.12.32:792][920]LogModuleManager: Shutting down and abandoning module AvfMediaEditor (476)
[2017.09.19-17.12.32:792][920]LogModuleManager: Shutting down and abandoning module AndroidMediaFactory (474)
[2017.09.19-17.12.32:792][920]LogModuleManager: Shutting down and abandoning module Media (473)
[2017.09.19-17.12.32:792][920]LogModuleManager: Shutting down and abandoning module AndroidMediaEditor (470)
[2017.09.19-17.12.32:792][920]LogModuleManager: Shutting down and abandoning module CharacterAI (468)
[2017.09.19-17.12.32:792][920]LogModuleManager: Shutting down and abandoning module AudioCapture (466)
[2017.09.19-17.12.32:793][920]LogModuleManager: Shutting down and abandoning module SequenceRecorder (465)
[2017.09.19-17.12.32:793][920]LogModuleManager: Shutting down and abandoning module SmartSnapping (462)
[2017.09.19-17.12.32:793][920]LogModuleManager: Shutting down and abandoning module SessionServices (460)
[2017.09.19-17.12.32:794][920]LogModuleManager: Shutting down and abandoning module ViewportSnapping (458)
[2017.09.19-17.12.32:794][920]LogModuleManager: Shutting down and abandoning module ViewportInteraction (456)
[2017.09.19-17.12.32:794][920]LogModuleManager: Shutting down and abandoning module ClothPainter (454)
[2017.09.19-17.12.32:795][920]LogModuleManager: Shutting down and abandoning module LogVisualizer (452)
[2017.09.19-17.12.32:796][920]LogModuleManager: Shutting down and abandoning module IntroTutorials (450)
[2017.09.19-17.12.32:797][920]LogModuleManager: Shutting down and abandoning module GameProjectGeneration (449)
[2017.09.19-17.12.32:797][920]LogModuleManager: Shutting down and abandoning module EditorLiveStreaming (446)
[2017.09.19-17.12.32:797][920]LogModuleManager: Shutting down and abandoning module IOSPlatformEditor (444)
[2017.09.19-17.12.32:797][920]LogModuleManager: Shutting down and abandoning module HTML5PlatformEditor (442)
[2017.09.19-17.12.32:797][920]LogModuleManager: Shutting down and abandoning module AndroidPlatformEditor (440)
[2017.09.19-17.12.32:797][920]LogModuleManager: Shutting down and abandoning module AndroidDeviceDetection (439)
[2017.09.19-17.12.33:298][920]LogModuleManager: Shutting down and abandoning module IOSRuntimeSettings (436)
[2017.09.19-17.12.33:298][920]LogModuleManager: Shutting down and abandoning module AndroidRuntimeSettings (434)
[2017.09.19-17.12.33:298][920]LogModuleManager: Shutting down and abandoning module InputBindingEditor (432)
[2017.09.19-17.12.33:298][920]LogModuleManager: Shutting down and abandoning module MergeActors (430)
[2017.09.19-17.12.33:299][920]LogModuleManager: Shutting down and abandoning module SizeMap (428)
[2017.09.19-17.12.33:299][920]LogModuleManager: Shutting down and abandoning module TreeMap (426)
[2017.09.19-17.12.33:299][920]LogModuleManager: Shutting down and abandoning module ReferenceViewer (424)
[2017.09.19-17.12.33:300][920]LogModuleManager: Shutting down and abandoning module LocalizationDashboard (422)
[2017.09.19-17.12.33:300][920]LogModuleManager: Shutting down and abandoning module LocalizationService (421)
[2017.09.19-17.12.33:301][920]LogModuleManager: Shutting down and abandoning module HardwareTargeting (418)
[2017.09.19-17.12.33:301][920]LogModuleManager: Shutting down and abandoning module DeviceProfileEditor (416)
[2017.09.19-17.12.33:301][920]LogModuleManager: Shutting down and abandoning module UndoHistory (414)
[2017.09.19-17.12.33:301][920]LogModuleManager: Shutting down and abandoning module UserFeedback (412)
[2017.09.19-17.12.33:301][920]LogModuleManager: Shutting down and abandoning module XmlParser (410)
[2017.09.19-17.12.33:302][920]LogModuleManager: Shutting down and abandoning module Blutility (408)
[2017.09.19-17.12.33:302][920]LogModuleManager: Shutting down and abandoning module ProjectSettingsViewer (406)
[2017.09.19-17.12.33:302][920]LogModuleManager: Shutting down and abandoning module ProjectTargetPlatformEditor (405)
[2017.09.19-17.12.33:303][920]LogModuleManager: Shutting down and abandoning module EditorSettingsViewer (402)
[2017.09.19-17.12.33:303][920]LogModuleManager: Shutting down and abandoning module SettingsEditor (400)
[2017.09.19-17.12.33:303][920]LogModuleManager: Shutting down and abandoning module ProjectLauncher (398)
[2017.09.19-17.12.33:304][920]LogModuleManager: Shutting down and abandoning module SessionFrontend (396)
[2017.09.19-17.12.33:304][920]LogModuleManager: Shutting down and abandoning module ProfilerClient (394)
[2017.09.19-17.12.33:305][920]LogModuleManager: Shutting down and abandoning module DeviceManager (392)
[2017.09.19-17.12.33:305][920]LogModuleManager: Shutting down and abandoning module TargetDeviceServices (391)
[2017.09.19-17.12.33:359][920]LogModuleManager: Shutting down and abandoning module AutomationController (388)
[2017.09.19-17.12.33:360][920]LogModuleManager: Shutting down and abandoning module AutomationWindow (386)
[2017.09.19-17.12.33:361][920]LogModuleManager: Shutting down and abandoning module Layers (384)
[2017.09.19-17.12.33:362][920]LogModuleManager: Shutting down and abandoning module ComponentVisualizers (382)
[2017.09.19-17.12.33:362][920]LogModuleManager: Shutting down and abandoning module DetailCustomizations (380)
[2017.09.19-17.12.33:363][920]LogModuleManager: Shutting down and abandoning module PackagesDialog (378)
[2017.09.19-17.12.33:363][920]LogModuleManager: Shutting down and abandoning module Persona (376)
[2017.09.19-17.12.33:364][920]LogModuleManager: Shutting down and abandoning module AdvancedPreviewScene (375)
[2017.09.19-17.12.33:364][920]LogModuleManager: Shutting down and abandoning module AnimGraph (373)
[2017.09.19-17.12.33:364][920]LogModuleManager: Shutting down and abandoning module Kismet (370)
[2017.09.19-17.12.33:367][920]LogModuleManager: Shutting down and abandoning module ClassViewer (368)
[2017.09.19-17.12.33:371][920]LogModuleManager: Shutting down and abandoning module Toolbox (366)
[2017.09.19-17.12.33:371][920]LogModuleManager: Shutting down and abandoning module ModuleUI (364)
[2017.09.19-17.12.33:372][920]LogModuleManager: Shutting down and abandoning module MovieSceneTools (362)
[2017.09.19-17.12.33:373][920]LogModuleManager: Shutting down and abandoning module OutputLog (360)
[2017.09.19-17.12.33:373][920]LogModuleManager: Shutting down and abandoning module GammaUI (358)
[2017.09.19-17.12.33:374][920]LogModuleManager: Shutting down and abandoning module Documentation (356)
[2017.09.19-17.12.33:374][920]LogModuleManager: Shutting down and abandoning module MovieSceneTracks (354)
[2017.09.19-17.12.33:374][920]LogModuleManager: Shutting down and abandoning module MovieScene (352)
[2017.09.19-17.12.33:374][920]LogModuleManager: Shutting down and abandoning module Niagara (350)
[2017.09.19-17.12.33:374][920]LogModuleManager: Shutting down and abandoning module NiagaraEditor (349)
[2017.09.19-17.12.33:376][920]LogModuleManager: Shutting down and abandoning module StreamingPauseRendering (346)
[2017.09.19-17.12.33:376][920]LogModuleManager: Shutting down and abandoning module AnalyticsET (344)
[2017.09.19-17.12.33:376][920]LogModuleManager: Shutting down and abandoning module PortalServices (342)
[2017.09.19-17.12.33:376][920]LogModuleManager: Shutting down and abandoning module PortalRpc (340)
[2017.09.19-17.12.33:376][920]LogModuleManager: Shutting down and abandoning module MessagingRpc (338)
[2017.09.19-17.12.33:376][920]LogModuleManager: Shutting down and abandoning module AIModule (336)
[2017.09.19-17.12.33:377][920]LogModuleManager: Shutting down and abandoning module GameplayDebugger (335)
[2017.09.19-17.12.33:377][920]LogModuleManager: Shutting down and abandoning module AITestSuite (333)
[2017.09.19-17.12.33:377][920]LogModuleManager: Shutting down and abandoning module ProfilerService (330)
[2017.09.19-17.12.33:560][920]LogModuleManager: Shutting down and abandoning module TaskGraph (328)
[2017.09.19-17.12.33:561][920]LogModuleManager: Shutting down and abandoning module SteamVRController (326)
[2017.09.19-17.12.33:561][920]LogModuleManager: Shutting down and abandoning module SteamVR (324)
[2017.09.19-17.12.33:561][920]LogModuleManager: Shutting down and abandoning module ProceduralMeshComponentEditor (322)
[2017.09.19-17.12.33:561][920]LogModuleManager: Shutting down and abandoning module ProceduralMeshComponent (320)
[2017.09.19-17.12.33:562][920]LogModuleManager: Shutting down and abandoning module OculusLibrary (318)
[2017.09.19-17.12.33:562][920]LogModuleManager: Shutting down and abandoning module OculusInput (316)
[2017.09.19-17.12.33:562][920]LogModuleManager: Shutting down and abandoning module MobilePatchingUtils (314)
[2017.09.19-17.12.33:562][920]LogModuleManager: Shutting down and abandoning module CustomMeshComponent (312)
[2017.09.19-17.12.33:562][920]LogModuleManager: Shutting down and abandoning module CableComponent (310)
[2017.09.19-17.12.33:562][920]LogModuleManager: Shutting down and abandoning module ArchVisCharacter (308)
[2017.09.19-17.12.33:562][920]LogModuleManager: Shutting down and abandoning module AndroidPermission (306)
[2017.09.19-17.12.33:562][920]LogModuleManager: Shutting down and abandoning module MediaPlayerEditor (302)
[2017.09.19-17.12.33:564][920]LogModuleManager: Shutting down and abandoning module HTML5Networking (300)
[2017.09.19-17.12.33:564][920]LogModuleManager: Shutting down and abandoning module AlembicImporter (298)
[2017.09.19-17.12.33:565][920]LogModuleManager: Shutting down and abandoning module AlembicLibrary (297)
[2017.09.19-17.12.33:565][920]LogModuleManager: Shutting down and abandoning module GeometryCache (296)
[2017.09.19-17.12.33:565][920]LogModuleManager: Shutting down and abandoning module GeometryCacheEd (295)
[2017.09.19-17.12.33:565][920]LogModuleManager: Shutting down and abandoning module SuperSearchEditor (290)
[2017.09.19-17.12.33:565][920]LogModuleManager: Shutting down and abandoning module SuperSearch (289)
[2017.09.19-17.12.33:565][920]LogModuleManager: Shutting down and abandoning module SpeedTreeImporter (286)
[2017.09.19-17.12.33:565][920]LogModuleManager: Shutting down and abandoning module PluginBrowser (284)
[2017.09.19-17.12.33:567][920]LogModuleManager: Shutting down and abandoning module MobileLauncherProfileWizard (282)
[2017.09.19-17.12.33:568][920]LogModuleManager: Shutting down and abandoning module VisualStudioSourceCodeAccess (280)
[2017.09.19-17.12.33:568][920]LogModuleManager: Shutting down and abandoning module DesktopPlatform (279)
[2017.09.19-17.12.33:568][920]LogModuleManager: Shutting down and abandoning module UObjectPlugin (276)
[2017.09.19-17.12.33:568][920]LogModuleManager: Shutting down and abandoning module SubversionSourceControl (274)
[2017.09.19-17.12.33:568][920]LogModuleManager: Shutting down and abandoning module PerforceSourceControl (272)
[2017.09.19-17.12.33:569][920]LogModuleManager: Shutting down and abandoning module GitSourceControl (270)
[2017.09.19-17.12.33:569][920]LogModuleManager: Shutting down and abandoning module SourceControl (269)
[2017.09.19-17.12.33:570][920]LogModuleManager: Shutting down and abandoning module LightPropagationVolumeEditor (266)
[2017.09.19-17.12.33:570][920]LogModuleManager: Shutting down and abandoning module PaperTiledImporter (264)
[2017.09.19-17.12.33:570][920]LogModuleManager: Shutting down and abandoning module PaperSpriteSheetImporter (262)
[2017.09.19-17.12.33:570][920]LogModuleManager: Shutting down and abandoning module Paper2DEditor (260)
[2017.09.19-17.12.33:570][920]LogModuleManager: Shutting down and abandoning module MeshPaint (259)
[2017.09.19-17.12.33:571][920]LogModuleManager: Shutting down and abandoning module LevelEditor (257)
[2017.09.19-17.12.33:573][920]LogModuleManager: Shutting down and abandoning module PixelInspectorModule (256)
[2017.09.19-17.12.33:574][920]LogModuleManager: Shutting down and abandoning module MainFrame (254)
[2017.09.19-17.12.33:575][920]LogModuleManager: Shutting down and abandoning module HotReload (253)
[2017.09.19-17.12.33:575][920]LogDirectoryWatcher: A directory notification for 'D:/Game projects/Wavebased survival/GameProject/Binaries/Win64' was aborted.
[2017.09.19-17.12.33:576][920]LogModuleManager: Shutting down and abandoning module PhysXVehiclesEditor (246)
[2017.09.19-17.12.33:577][920]LogModuleManager: Shutting down and abandoning module PhysXVehicles (244)
[2017.09.19-17.12.33:577][920]LogModuleManager: Shutting down and abandoning module LocationServicesBPLibrary (242)
[2017.09.19-17.12.33:577][920]LogModuleManager: Shutting down and abandoning module ImmediatePhysicsEditor (240)
[2017.09.19-17.12.33:577][920]LogModuleManager: Shutting down and abandoning module ImmediatePhysics (238)
[2017.09.19-17.12.33:577][920]LogModuleManager: Shutting down and abandoning module UdpMessaging (236)
[2017.09.19-17.12.33:677][920]LogModuleManager: Shutting down and abandoning module TcpMessaging (234)
[2017.09.19-17.12.33:778][920]LogModuleManager: Shutting down and abandoning module GameplayTagsEditor (232)
[2017.09.19-17.12.33:779][920]LogModuleManager: Shutting down and abandoning module FacialAnimationEditor (230)
[2017.09.19-17.12.33:779][920]LogModuleManager: Shutting down and abandoning module FacialAnimation (228)
[2017.09.19-17.12.33:779][920]LogModuleManager: Shutting down and abandoning module AssetManagerEditor (226)
[2017.09.19-17.12.33:780][920]LogModuleManager: Shutting down and abandoning module GraphEditor (225)
[2017.09.19-17.12.33:782][920]LogModuleManager: Shutting down and abandoning module ContentBrowser (223)
[2017.09.19-17.12.33:783][920]LogModuleManager: Shutting down and abandoning module LightPropagationVolumeRuntime (220)
[2017.09.19-17.12.33:783][920]LogModuleManager: Shutting down and abandoning module Paper2D (218)
[2017.09.19-17.12.33:784][920]LogModuleManager: Shutting down and abandoning module WindowsMoviePlayer (216)
[2017.09.19-17.12.33:784][920]LogModuleManager: Shutting down and abandoning module WmfMedia (214)
[2017.09.19-17.12.33:784][920]LogModuleManager: Shutting down and abandoning module ClothingSystemEditor (212)
[2017.09.19-17.12.33:784][920]LogModuleManager: Shutting down and abandoning module ClothingSystemRuntime (210)
[2017.09.19-17.12.33:785][920]LogModuleManager: Shutting down and abandoning module MediaAssets (208)
[2017.09.19-17.12.33:785][920]LogModuleManager: Shutting down and abandoning module GameLiveStreaming (206)
[2017.09.19-17.12.33:785][920]LogModuleManager: Shutting down and abandoning module VREditor (204)
[2017.09.19-17.12.33:785][920]LogModuleManager: Shutting down and abandoning module StringTableEditor (202)
[2017.09.19-17.12.33:786][920]LogModuleManager: Shutting down and abandoning module GameplayTasksEditor (200)
[2017.09.19-17.12.33:786][920]LogModuleManager: Shutting down and abandoning module BehaviorTreeEditor (198)
[2017.09.19-17.12.33:788][920]LogModuleManager: Shutting down and abandoning module FunctionalTesting (196)
[2017.09.19-17.12.33:788][920]LogModuleManager: Shutting down and abandoning module CollisionAnalyzer (194)
[2017.09.19-17.12.33:789][920]LogModuleManager: Shutting down and abandoning module UMG (192)
[2017.09.19-17.12.33:789][920]LogModuleManager: Shutting down and abandoning module UMGEditor (191)
[2017.09.19-17.12.33:791][920]LogModuleManager: Shutting down and abandoning module Sequencer (190)
[2017.09.19-17.12.33:792][920]LogModuleManager: Shutting down and abandoning module AssetTools (188)
[2017.09.19-17.12.33:796][920]LogModuleManager: Shutting down and abandoning module MessageLog (187)
[2017.09.19-17.12.33:796][920]LogModuleManager: Shutting down and abandoning module WorkspaceMenuStructure (186)
[2017.09.19-17.12.33:796][920]LogModuleManager: Shutting down and abandoning module SlateReflector (180)
[2017.09.19-17.12.33:798][920]LogModuleManager: Shutting down and abandoning module Slate (178)
[2017.09.19-17.12.33:798][920]LogModuleManager: Shutting down and abandoning module EditorStyle (176)
[2017.09.19-17.12.33:804][920]LogModuleManager: Shutting down and abandoning module SourceCodeAccess (174)
[2017.09.19-17.12.33:804][920]LogModuleManager: Shutting down and abandoning module HeadMountedDisplay (172)
[2017.09.19-17.12.33:804][920]LogModuleManager: Shutting down and abandoning module XAudio2 (170)
[2017.09.19-17.12.33:804][920]LogModuleManager: Shutting down and abandoning module Networking (168)
[2017.09.19-17.12.33:804][920]LogModuleManager: Shutting down and abandoning module Core (164)
[2017.09.19-17.12.33:804][920]LogModuleManager: Shutting down and abandoning module AssetRegistry (162)
[2017.09.19-17.12.33:922][920]LogDirectoryWatcher: A directory notification for '../../../Engine/Content/' was aborted.
[2017.09.19-17.12.33:922][920]LogDirectoryWatcher: A directory notification for 'D:/Game projects/Wavebased survival/GameProject/Content/' was aborted.
[2017.09.19-17.12.33:922][920]LogDirectoryWatcher: A directory notification for '../../../Engine/Plugins/2D/Paper2D/Content/' was aborted.
[2017.09.19-17.12.33:922][920]LogDirectoryWatcher: A directory notification for '../../../Engine/Plugins/Runtime/GearVR/Content/' was aborted.
[2017.09.19-17.12.33:933][920]LogModuleManager: Shutting down and abandoning module DirectoryWatcher (161)
[2017.09.19-17.12.33:942][920]LogModuleManager: Shutting down and abandoning module KismetCompiler (158)
[2017.09.19-17.12.33:942][920]LogModuleManager: Shutting down and abandoning module LevelSequence (156)
[2017.09.19-17.12.33:943][920]LogModuleManager: Shutting down and abandoning module PhysXFormats (154)
[2017.09.19-17.12.33:943][920]LogModuleManager: Shutting down and abandoning module MeshUtilities (152)
[2017.09.19-17.12.33:947][920]LogModuleManager: Shutting down and abandoning module SimplygonSwarm (151)
[2017.09.19-17.12.33:947][920]LogModuleManager: Shutting down and abandoning module SimplygonMeshReduction (149)
[2017.09.19-17.12.33:947][920]LogModuleManager: Shutting down and abandoning module QuadricMeshReduction (147)
[2017.09.19-17.12.33:948][920]LogModuleManager: Shutting down and abandoning module DerivedDataCache (144)
[2017.09.19-17.12.34:031][920]LogDerivedDataCache: Shutdown
[2017.09.19-17.12.34:032][920]LogModuleManager: Shutting down and abandoning module TargetPlatform (142)
[2017.09.19-17.12.34:032][920]LogModuleManager: Shutting down and abandoning module VulkanShaderFormat (141)
[2017.09.19-17.12.34:033][920]LogModuleManager: Shutting down and abandoning module ShaderFormatVectorVM (139)
[2017.09.19-17.12.34:033][920]LogModuleManager: Shutting down and abandoning module ShaderFormatOpenGL (137)
[2017.09.19-17.12.34:034][920]LogModuleManager: Shutting down and abandoning module ShaderFormatD3D (135)
[2017.09.19-17.12.34:034][920]LogModuleManager: Shutting down and abandoning module MetalShaderFormat (133)
[2017.09.19-17.12.34:034][920]LogModuleManager: Shutting down and abandoning module TextureFormatUncompressed (131)
[2017.09.19-17.12.34:034][920]LogModuleManager: Shutting down and abandoning module TextureFormatPVR (129)
[2017.09.19-17.12.34:034][920]LogModuleManager: Shutting down and abandoning module TextureFormatDXT (127)
[2017.09.19-17.12.34:035][920]LogModuleManager: Shutting down and abandoning module TextureFormatIntelISPCTexComp (125)
[2017.09.19-17.12.34:035][920]LogModuleManager: Shutting down and abandoning module TextureFormatASTC (123)
[2017.09.19-17.12.34:035][920]LogModuleManager: Shutting down and abandoning module ImageWrapper (122)
[2017.09.19-17.12.34:035][920]LogModuleManager: Shutting down and abandoning module TextureFormatAndroid (119)
[2017.09.19-17.12.34:035][920]LogModuleManager: Shutting down and abandoning module AudioFormatOpus (117)
[2017.09.19-17.12.34:035][920]LogModuleManager: Shutting down and abandoning module AudioFormatOgg (115)
[2017.09.19-17.12.34:035][920]LogModuleManager: Shutting down and abandoning module AudioFormatADPCM (113)
[2017.09.19-17.12.34:035][920]LogModuleManager: Shutting down and abandoning module LinuxTargetPlatform (111)
[2017.09.19-17.12.34:036][920]LogModuleManager: Shutting down and abandoning module LinuxServerTargetPlatform (109)
[2017.09.19-17.12.34:036][920]LogModuleManager: Shutting down and abandoning module LinuxNoEditorTargetPlatform (107)
[2017.09.19-17.12.34:036][920]LogModuleManager: Shutting down and abandoning module LinuxClientTargetPlatform (105)
[2017.09.19-17.12.34:036][920]LogModuleManager: Shutting down and abandoning module TVOSTargetPlatform (103)
[2017.09.19-17.12.34:036][920]LogModuleManager: Shutting down and abandoning module Messaging (101)
[2017.09.19-17.12.34:036][920]LogModuleManager: Shutting down and abandoning module IOSTargetPlatform (99)
[2017.09.19-17.12.34:036][920]LogModuleManager: Shutting down and abandoning module HTML5TargetPlatform (97)
[2017.09.19-17.12.34:036][920]LogModuleManager: Shutting down and abandoning module Android_PVRTCTargetPlatform (95)
[2017.09.19-17.12.34:036][920]LogModuleManager: Shutting down and abandoning module Android_MultiTargetPlatform (93)
[2017.09.19-17.12.34:036][920]LogModuleManager: Shutting down and abandoning module Android_ETC2TargetPlatform (91)
[2017.09.19-17.12.34:036][920]LogModuleManager: Shutting down and abandoning module Android_ETC1TargetPlatform (89)
[2017.09.19-17.12.34:037][920]LogModuleManager: Shutting down and abandoning module Android_DXTTargetPlatform (87)
[2017.09.19-17.12.34:037][920]LogModuleManager: Shutting down and abandoning module Android_ATCTargetPlatform (85)
[2017.09.19-17.12.34:037][920]LogModuleManager: Shutting down and abandoning module Android_ASTCTargetPlatform (83)
[2017.09.19-17.12.34:037][920]LogModuleManager: Shutting down and abandoning module AndroidTargetPlatform (81)
[2017.09.19-17.12.34:037][920]LogModuleManager: Shutting down and abandoning module WindowsTargetPlatform (79)
[2017.09.19-17.12.34:037][920]LogModuleManager: Shutting down and abandoning module WindowsServerTargetPlatform (77)
[2017.09.19-17.12.34:037][920]LogModuleManager: Shutting down and abandoning module WindowsNoEditorTargetPlatform (75)
[2017.09.19-17.12.34:037][920]LogModuleManager: Shutting down and abandoning module WindowsClientTargetPlatform (73)
[2017.09.19-17.12.34:037][920]LogModuleManager: Shutting down and abandoning module MacTargetPlatform (71)
[2017.09.19-17.12.34:038][920]LogModuleManager: Shutting down and abandoning module MacServerTargetPlatform (69)
[2017.09.19-17.12.34:038][920]LogModuleManager: Shutting down and abandoning module MacNoEditorTargetPlatform (67)
[2017.09.19-17.12.34:038][920]LogModuleManager: Shutting down and abandoning module MacClientTargetPlatform (65)
[2017.09.19-17.12.34:038][920]LogModuleManager: Shutting down and abandoning module AllDesktopTargetPlatform (63)
[2017.09.19-17.12.34:038][920]LogModuleManager: Shutting down and abandoning module InputCore (60)
[2017.09.19-17.12.34:038][920]LogModuleManager: Shutting down and abandoning module Settings (58)
[2017.09.19-17.12.34:038][920]LogModuleManager: Shutting down and abandoning module OculusRift (56)
[2017.09.19-17.12.34:038][920]LogModuleManager: Shutting down and abandoning module GearVRController (54)
[2017.09.19-17.12.34:038][920]LogModuleManager: Shutting down and abandoning module GearVR (52)
[2017.09.19-17.12.34:038][920]LogModuleManager: Shutting down and abandoning module ExampleDeviceProfileSelector (50)
[2017.09.19-17.12.34:039][920]LogModuleManager: Shutting down and abandoning module OnlineBlueprintSupport (48)
[2017.09.19-17.12.34:039][920]LogModuleManager: Shutting down and abandoning module OnlineSubsystem (44)
[2017.09.19-17.12.34:039][920]LogOnline:Display: Unloading online subsystem: NULL
[2017.09.19-17.12.34:040][920]LogModuleManager: Shutting down and abandoning module XMPP (43)
[2017.09.19-17.12.34:041][920]LogModuleManager: Shutting down and abandoning module HTTP (41)
[2017.09.19-17.12.34:041][920]LogHttp:Display: Http module shutting down, but needs to wait on 1 outstanding Http requests:
[2017.09.19-17.12.34:042][920]LogHttp:Display: 	verb=[POST] url=[https://datarouter.ol.epicgames.com/datarouter/api/v1/public/data?SessionID=%7BC764960A-4388-2191-4D03-B99E76676808%7D&AppID=UEEditor.Rocket.Release&AppVersion=4.16.3-3561208%2B%2B%2BUE4%2BRelease-4.16&UserID=9888ddb8431f66da1f4aa185b39d8cbe%7C09e4067652d144379047e5fbf413bde4%7C8ea94735-31eb-4378-80d1-fd2f81089827&AppEnvironment=datacollector-binary&UploadType=eteventstream] status=Processing
[2017.09.19-17.12.34:075][920]LogModuleManager: Shutting down and abandoning module SSL (40)
[2017.09.19-17.12.34:081][920]LogModuleManager: Shutting down and abandoning module HTTPChunkInstaller (36)
[2017.09.19-17.12.34:082][920]LogModuleManager: Shutting down and abandoning module AnimationModifiers (34)
[2017.09.19-17.12.34:083][920]LogModuleManager: Shutting down and abandoning module PropertyEditor (33)
[2017.09.19-17.12.34:083][920]LogModuleManager: Shutting down and abandoning module AudioEditor (30)
[2017.09.19-17.12.34:084][920]LogModuleManager: Shutting down and abandoning module TextureCompressor (28)
[2017.09.19-17.12.34:084][920]LogModuleManager: Shutting down and abandoning module ShaderCore (26)
[2017.09.19-17.12.34:084][920]LogModuleManager: Shutting down and abandoning module Landscape (24)
[2017.09.19-17.12.34:084][920]LogModuleManager: Shutting down and abandoning module SlateRHIRenderer (22)
[2017.09.19-17.12.34:093][920]LogModuleManager: Shutting down and abandoning module OpenGLDrv (20)
[2017.09.19-17.12.34:097][920]LogModuleManager: Shutting down and abandoning module D3D11RHI (18)
[2017.09.19-17.12.34:097][920]LogModuleManager: Shutting down and abandoning module AnimGraphRuntime (16)
[2017.09.19-17.12.34:098][920]LogModuleManager: Shutting down and abandoning module Renderer (14)
[2017.09.19-17.12.34:098][920]LogModuleManager: Shutting down and abandoning module Engine (12)
[2017.09.19-17.12.34:098][920]LogModuleManager: Shutting down and abandoning module CoreUObject (10)
[2017.09.19-17.12.34:098][920]LogModuleManager: Shutting down and abandoning module NetworkFile (8)
[2017.09.19-17.12.34:099][920]LogModuleManager: Shutting down and abandoning module StreamingFile (6)
[2017.09.19-17.12.34:099][920]LogModuleManager: Shutting down and abandoning module SandboxFile (4)
[2017.09.19-17.12.34:100][920]LogModuleManager: Shutting down and abandoning module PakFile (2)
[2017.09.19-17.12.34:105][920]LogExit: Exiting.
[2017.09.19-17.12.34:142][920]Log file closed, 09/19/17 19:12:34
